<?xml version="1.0" encoding="utf-8"?><testsuites name="pytest tests"><testsuite name="pytest" errors="0" failures="0" skipped="0" tests="17" time="5.561" timestamp="2025-09-09T23:38:44.926826+05:30" hostname="G0ZHY33"><testcase classname="to_do_app.test.test_admin" name="test_admin_read_all_authenticated" time="0.166" /><testcase classname="to_do_app.test.test_example" name="test_equal_or_not_equal" time="0.003" /><testcase classname="to_do_app.test.test_example" name="test_is_instance" time="0.003" /><testcase classname="to_do_app.test.test_example" name="test_boolean" time="0.003" /><testcase classname="to_do_app.test.test_example" name="test_type" time="0.005" /><testcase classname="to_do_app.test.test_example" name="test_greater_and_less_than" time="0.003" /><testcase classname="to_do_app.test.test_example" name="test_list" time="0.004" /><testcase classname="to_do_app.test.test_example" name="test_person_initialization" time="0.005" /><testcase classname="to_do_app.test.test_main" name="test_return_health_check" time="0.021" /><testcase classname="to_do_app.test.test_todos" name="test_read_all_authenticated" time="0.060" /><testcase classname="to_do_app.test.test_todos" name="test_read_one_authenticated" time="0.056" /><testcase classname="to_do_app.test.test_todos" name="test_read_one_authenticated_not_found" time="0.026" /><testcase classname="to_do_app.test.test_todos" name="test_create_task" time="0.078" /><testcase classname="to_do_app.test.test_todos" name="test_update_todo" time="0.079" /><testcase classname="to_do_app.test.test_todos" name="test_update_todo_not_found" time="0.054" /><testcase classname="to_do_app.test.test_todos" name="test_delete_todo" time="0.074" /><testcase classname="to_do_app.test.test_todos" name="test_delete_todo_not_found" time="0.028" /></testsuite></testsuites>